20:29:54:861 [main] INFO  testCases.TC_R_001 - ***Staring TestCase TC_R_001***
20:29:55:197 [main] INFO  testCases.TC_R_001 - Clicked Male redio button
20:29:55:327 [main] INFO  testCases.TC_R_001 - Entered FirstName
20:29:55:436 [main] INFO  testCases.TC_R_001 - Entered LastName
20:29:55:558 [main] INFO  testCases.TC_R_001 - Entered Email
20:29:55:672 [main] INFO  testCases.TC_R_001 - Clicked Newsletter checkbox
20:29:55:807 [main] INFO  testCases.TC_R_001 - Entered Company name
20:29:55:942 [main] INFO  testCases.TC_R_001 - Entered Password
20:29:56:136 [main] INFO  testCases.TC_R_001 - Entered Confirm Password
20:29:56:331 [main] INFO  testCases.TC_R_001 - Clicked Register button
20:32:17:366 [main] INFO  testCases.TC_R_001 - ***Staring TestCase TC_R_001***
20:32:18:729 [main] INFO  testCases.TC_R_001 - Clicked Male redio button
20:32:18:923 [main] INFO  testCases.TC_R_001 - Entered FirstName
20:32:19:136 [main] INFO  testCases.TC_R_001 - Entered LastName
20:32:19:419 [main] INFO  testCases.TC_R_001 - Entered Email
20:32:19:710 [main] INFO  testCases.TC_R_001 - Clicked Newsletter checkbox
20:32:19:888 [main] INFO  testCases.TC_R_001 - Entered Company name
20:32:19:940 [main] INFO  testCases.TC_R_001 - ***Staring TestCase TC_R_001***
20:32:20:123 [main] INFO  testCases.TC_R_001 - Entered Password
20:32:20:285 [main] INFO  testCases.TC_R_001 - Entered Confirm Password
20:32:20:644 [main] INFO  testCases.TC_R_001 - Clicked Male redio button
20:32:20:657 [main] INFO  testCases.TC_R_001 - Clicked Register button
20:32:20:878 [main] INFO  testCases.TC_R_001 - Entered FirstName
20:32:21:042 [main] INFO  testCases.TC_R_001 - Entered LastName
20:32:21:201 [main] INFO  testCases.TC_R_001 - Entered Email
20:32:21:406 [main] INFO  testCases.TC_R_001 - Clicked Newsletter checkbox
20:32:21:567 [main] INFO  testCases.TC_R_001 - Entered Company name
20:32:21:685 [main] INFO  testCases.TC_R_001 - Entered Password
20:32:21:795 [main] INFO  testCases.TC_R_001 - Entered Confirm Password
20:32:21:988 [main] INFO  testCases.TC_R_001 - Clicked Register button
20:37:48:623 [main] INFO  testCases.TC_R_001 - ***Staring TestCase TC_R_001***
20:37:49:052 [main] INFO  testCases.TC_R_001 - Clicked Male redio button
20:37:49:176 [main] INFO  testCases.TC_R_001 - Entered FirstName
20:37:49:287 [main] INFO  testCases.TC_R_001 - Entered LastName
20:37:49:416 [main] INFO  testCases.TC_R_001 - Entered Email
20:37:49:527 [main] INFO  testCases.TC_R_001 - Clicked Newsletter checkbox
20:37:49:655 [main] INFO  testCases.TC_R_001 - Entered Company name
20:37:49:764 [main] INFO  testCases.TC_R_001 - Entered Password
20:37:49:887 [main] INFO  testCases.TC_R_001 - Entered Confirm Password
20:37:50:067 [main] INFO  testCases.TC_R_001 - Clicked Register button
20:46:27:315 [main] INFO  testCases.TC_R_001 - ***Staring TestCase TC_R_001***
20:46:27:969 [main] INFO  testCases.TC_R_001 - Clicked Male redio button
20:46:28:097 [main] INFO  testCases.TC_R_001 - Entered FirstName
20:46:28:214 [main] INFO  testCases.TC_R_001 - Entered LastName
20:46:28:331 [main] INFO  testCases.TC_R_001 - Entered Email
20:46:28:441 [main] INFO  testCases.TC_R_001 - Clicked Newsletter checkbox
20:46:28:570 [main] INFO  testCases.TC_R_001 - Entered Company name
20:46:28:685 [main] INFO  testCases.TC_R_001 - Entered Password
20:46:28:808 [main] INFO  testCases.TC_R_001 - Entered Confirm Password
20:46:29:057 [main] INFO  testCases.TC_R_001 - Clicked Register button
20:50:03:604 [main] INFO  testCases.TC_R_001 - ***Staring TestCase TC_R_001***
20:50:04:166 [main] INFO  testCases.TC_R_001 - Clicked Male redio button
20:50:04:287 [main] INFO  testCases.TC_R_001 - Entered FirstName
20:50:04:407 [main] INFO  testCases.TC_R_001 - Entered LastName
20:50:04:522 [main] INFO  testCases.TC_R_001 - Entered Email
20:50:04:637 [main] INFO  testCases.TC_R_001 - Clicked Newsletter checkbox
20:50:04:762 [main] INFO  testCases.TC_R_001 - Entered Company name
20:50:04:911 [main] INFO  testCases.TC_R_001 - Entered Password
20:50:05:070 [main] INFO  testCases.TC_R_001 - Entered Confirm Password
20:50:05:306 [main] INFO  testCases.TC_R_001 - Clicked Register button
